mode: set
github.com/carlosrabelo/bip38cli/core/internal/pkg/metrics/metrics.go:45.28,46.17 1 1
github.com/carlosrabelo/bip38cli/core/internal/pkg/metrics/metrics.go:46.17,50.3 1 1
github.com/carlosrabelo/bip38cli/core/internal/pkg/metrics/metrics.go:51.2,51.23 1 1
github.com/carlosrabelo/bip38cli/core/internal/pkg/metrics/metrics.go:55.71,62.13 5 1
github.com/carlosrabelo/bip38cli/core/internal/pkg/metrics/metrics.go:62.13,65.3 1 1
github.com/carlosrabelo/bip38cli/core/internal/pkg/metrics/metrics.go:65.8,67.3 1 1
github.com/carlosrabelo/bip38cli/core/internal/pkg/metrics/metrics.go:71.71,78.13 5 1
github.com/carlosrabelo/bip38cli/core/internal/pkg/metrics/metrics.go:78.13,81.3 1 1
github.com/carlosrabelo/bip38cli/core/internal/pkg/metrics/metrics.go:81.8,83.3 1 1
github.com/carlosrabelo/bip38cli/core/internal/pkg/metrics/metrics.go:87.76,94.13 5 1
github.com/carlosrabelo/bip38cli/core/internal/pkg/metrics/metrics.go:94.13,97.3 1 1
github.com/carlosrabelo/bip38cli/core/internal/pkg/metrics/metrics.go:97.8,99.3 1 1
github.com/carlosrabelo/bip38cli/core/internal/pkg/metrics/metrics.go:103.34,108.2 3 1
github.com/carlosrabelo/bip38cli/core/internal/pkg/metrics/metrics.go:111.41,117.2 4 1
github.com/carlosrabelo/bip38cli/core/internal/pkg/metrics/metrics.go:120.27,127.2 3 0
github.com/carlosrabelo/bip38cli/core/internal/pkg/metrics/metrics.go:130.48,134.25 3 0
github.com/carlosrabelo/bip38cli/core/internal/pkg/metrics/metrics.go:134.25,136.3 1 0
github.com/carlosrabelo/bip38cli/core/internal/pkg/metrics/metrics.go:137.2,137.80 1 0
github.com/carlosrabelo/bip38cli/core/internal/pkg/metrics/metrics.go:141.48,145.25 3 0
github.com/carlosrabelo/bip38cli/core/internal/pkg/metrics/metrics.go:145.25,147.3 1 0
github.com/carlosrabelo/bip38cli/core/internal/pkg/metrics/metrics.go:148.2,148.80 1 0
github.com/carlosrabelo/bip38cli/core/internal/pkg/metrics/metrics.go:152.53,156.30 3 0
github.com/carlosrabelo/bip38cli/core/internal/pkg/metrics/metrics.go:156.30,158.3 1 0
github.com/carlosrabelo/bip38cli/core/internal/pkg/metrics/metrics.go:159.2,159.95 1 0
github.com/carlosrabelo/bip38cli/core/internal/pkg/metrics/metrics.go:170.40,176.2 1 0
github.com/carlosrabelo/bip38cli/core/internal/pkg/metrics/metrics.go:179.36,182.21 2 0
github.com/carlosrabelo/bip38cli/core/internal/pkg/metrics/metrics.go:183.17,184.45 1 0
github.com/carlosrabelo/bip38cli/core/internal/pkg/metrics/metrics.go:185.17,186.45 1 0
github.com/carlosrabelo/bip38cli/core/internal/pkg/metrics/metrics.go:187.22,188.50 1 0
github.com/carlosrabelo/bip38cli/core/internal/pkg/metrics/metrics.go:199.75,204.2 1 0
github.com/carlosrabelo/bip38cli/core/internal/pkg/metrics/metrics.go:207.43,208.9 1 0
github.com/carlosrabelo/bip38cli/core/internal/pkg/metrics/metrics.go:209.22,211.9 1 0
github.com/carlosrabelo/bip38cli/core/internal/pkg/metrics/metrics.go:212.10,213.24 1 0
github.com/carlosrabelo/bip38cli/core/internal/pkg/metrics/metrics.go:220.58,222.2 1 0
github.com/carlosrabelo/bip38cli/core/internal/pkg/metrics/metrics.go:225.58,227.2 1 0
github.com/carlosrabelo/bip38cli/core/internal/pkg/metrics/metrics.go:230.63,232.2 1 0
github.com/carlosrabelo/bip38cli/core/internal/pkg/metrics/metrics.go:235.28,237.2 1 0
github.com/carlosrabelo/bip38cli/core/internal/pkg/metrics/metrics.go:240.14,242.2 1 0
